<?xml version="1.0" encoding="UTF-8"?>
<!-- Generated by org.testng.reporters.JUnitReportReporter -->
<testsuite hostname="DESKTOP-1K6FSPE" failures="0" tests="4" name="TestNG.DataProviderTest" time="102.276" errors="0" timestamp="2024-11-08T13:18:25 IST" skipped="0">
  <testcase classname="TestNG.DataProviderTest" name="loginTest" time="8.112"/>
  <system-out/>
  <testcase classname="TestNG.DataProviderTest" name="loginTest" time="12.319"/>
  <system-out/>
  <testcase classname="TestNG.DataProviderTest" name="loginTest" time="10.306"/>
  <system-out/>
  <testcase classname="TestNG.DataProviderTest" name="loginTest" time="71.539"/>
  <system-out/>
</testsuite> <!-- TestNG.DataProviderTest -->
