<?xml version="1.0" encoding="UTF-8"?>
<!-- Generated by org.testng.reporters.JUnitReportReporter -->
<testsuite hostname="DESKTOP-1K6FSPE" failures="0" tests="1" name="Assertions.WhyNotIfElse" time="0.014" errors="0" timestamp="2024-11-08T11:56:07 IST" skipped="0">
  <testcase classname="Assertions.WhyNotIfElse" name="demo" time="0.014"/>
  <system-out/>
</testsuite> <!-- Assertions.WhyNotIfElse -->
