<?xml version="1.0" encoding="UTF-8"?>
<!-- Generated by org.testng.reporters.JUnitReportReporter -->
<testsuite hostname="DESKTOP-1K6FSPE" failures="0" tests="1" name="TestNG.sampleTest" time="0.019" errors="0" timestamp="2024-11-04T13:59:17 IST" skipped="0">
  <testcase classname="TestNG.sampleTest" name="demo" time="0.019"/>
  <system-out>
    <![CDATA[Hello World!, true]]>
  </system-out>
</testsuite> <!-- TestNG.sampleTest -->
